{
  "0 debug pnpm:scope": {
    "selected": 1
  },
  "1 error pnpm": {
    "code": "ELIFECYCLE",
    "errno": "ENOENT",
    "syscall": "spawn",
    "file": "sh",
    "pkgid": "prosemirror-demo@0.1.0",
    "stage": "build",
    "script": "react-scripts build",
    "pkgname": "prosemirror-demo",
    "err": {
      "name": "pnpm",
      "message": "prosemirror-demo@0.1.0 build: `react-scripts build`\nspawn ENOENT",
      "code": "ELIFECYCLE",
      "stack": "pnpm: prosemirror-demo@0.1.0 build: `react-scripts build`\nspawn ENOENT\n    at ChildProcess.<anonymous> (/opt/homebrew/Cellar/pnpm/6.24.0/libexec/lib/node_modules/pnpm/dist/pnpm.cjs:91776:22)\n    at ChildProcess.emit (node:events:390:28)\n    at maybeClose (node:internal/child_process:1062:16)\n    at Process.ChildProcess._handle.onexit (node:internal/child_process:301:5)"
    }
  },
  "2 warn pnpm:global": " Local package.json exists, but node_modules missing, did you mean to install?"
}